<?xml version="1.0" encoding="UTF-8"?>
<!-- Generated by org.testng.reporters.JUnitReportReporter -->
<testsuite hostname="DESKTOP-VIN5NT0" failures="0" tests="1" name="test.HomePageTest" time="1.442" errors="0" timestamp="2025-08-18T09:23:42 IST" skipped="0">
  <testcase classname="test.HomePageTest" name="loginToApp" time="1.442"/>
</testsuite> <!-- test.HomePageTest -->
